  settings.cpp
  dllmain.cpp
C:\Users\pouk\Desktop\farlight84-cheat-ReFo\farlight internal base\math\xor.h(75,23): error C3533: um parâmetro não pode ter um tipo que contém 'auto'
  (compiling source file 'dllmain.cpp')
      C:\Users\pouk\Desktop\farlight84-cheat-ReFo\farlight internal base\math\xor.h(75,23):
      'auto' em parâmetros de modelo sem tipo exige pelo menos '/std:c++17'
  
C:\Users\pouk\Desktop\farlight84-cheat-ReFo\farlight internal base\math\xor.h(75,30): error C3533: um parâmetro não pode ter um tipo que contém 'auto'
  (compiling source file 'dllmain.cpp')
      C:\Users\pouk\Desktop\farlight84-cheat-ReFo\farlight internal base\math\xor.h(75,30):
      'auto' em parâmetros de modelo sem tipo exige pelo menos '/std:c++17'
  
C:\Users\pouk\Desktop\farlight84-cheat-ReFo\farlight internal base\math\xor.h(85,22): error C3533: um parâmetro não pode ter um tipo que contém 'auto'
  (compiling source file 'dllmain.cpp')
      C:\Users\pouk\Desktop\farlight84-cheat-ReFo\farlight internal base\math\xor.h(85,22):
      'auto' em parâmetros de modelo sem tipo exige pelo menos '/std:c++17'
  
C:\Users\pouk\Desktop\farlight84-cheat-ReFo\farlight internal base\math\xor.h(164,71): error C7518: as expressões de dobra exigem pelo menos '/std:c++17'
  (compiling source file 'dllmain.cpp')
      C:\Users\pouk\Desktop\farlight84-cheat-ReFo\farlight internal base\math\xor.h(162,33):
      Este diagnóstico ocorreu na função gerada pelo compilador 'void jm::xor_string<T,Keys...>::_crypt_256(const uint64_t *,std::integer_sequence<size_t,Idxs...>) noexcept'
      C:\Users\pouk\Desktop\farlight84-cheat-ReFo\farlight internal base\math\xor.h(164,71):
      o contexto de instanciação do modelo (o mais antigo primeiro) é
          C:\Users\pouk\Desktop\farlight84-cheat-ReFo\farlight internal base\math\xor.h(146,11):
          ao compilar o modelo de classe 'jm::xor_string'
  
C:\Users\pouk\Desktop\farlight84-cheat-ReFo\farlight internal base\math\xor.h(178,71): error C7518: as expressões de dobra exigem pelo menos '/std:c++17'
  (compiling source file 'dllmain.cpp')
      C:\Users\pouk\Desktop\farlight84-cheat-ReFo\farlight internal base\math\xor.h(176,33):
      Este diagnóstico ocorreu na função gerada pelo compilador 'void jm::xor_string<T,Keys...>::_crypt_128(const uint64_t *,std::integer_sequence<size_t,Idxs...>) noexcept'
  
C:\Users\pouk\Desktop\farlight84-cheat-ReFo\farlight internal base\math\math.h(40,4): warning C4002: muitos argumentos para a invocação de macro de função '___'
  (compiling source file 'dllmain.cpp')
  
C:\Users\pouk\Desktop\farlight84-cheat-ReFo\farlight internal base\math\math.h(41,4): warning C4002: muitos argumentos para a invocação de macro de função '___'
  (compiling source file 'dllmain.cpp')
  
C:\Users\pouk\Desktop\farlight84-cheat-ReFo\farlight internal base\math\xor.h(233,70): error C2975: 'Cs': argumento de modelo inválido para 'jm::detail::tstring_', expressão constante de tempo de compilação esperada
  (compiling source file 'dllmain.cpp')
      C:\Users\pouk\Desktop\farlight84-cheat-ReFo\farlight internal base\math\xor.h(85,22):
      consulte a declaração de 'Cs'
      C:\Users\pouk\Desktop\farlight84-cheat-ReFo\farlight internal base\math\xor.h(233,70):
      o contexto de instanciação do modelo (o mais antigo primeiro) é
          C:\Users\pouk\Desktop\farlight84-cheat-ReFo\farlight internal base\cheat\func.h(7,31):
          consulte a referência à instanciação 'auto jm::make_xorstr<<lambda>@uworld_sig,0,1,2,3,4,5,6,7,8,9,10,11,12,13,14,15,16,17,18,19,20,21,22,23,24,25,26,27,28,29,30,31,32,33,34,35,36,37,38,39,40,41,42,43,44,45,46,47,48,49,50,51,52,53,54,55,56,57,58,0,1,2,3,4,5,6,7>(Tstr,std::integer_sequence<size_t,0,1,2,3,4,5,6,7,8,9,10,11,12,13,14,15,16,17,18,19,20,21,22,23,24,25,26,27,28,29,30,31,32,33,34,35,36,37,38,39,40,41,42,43,44,45,46,47,48,49,50,51,52,53,54,55,56,57,58>,std::integer_sequence<size_t,0,1,2,3,4,5,6,7>) noexcept' do modelo que está sendo compilada
          with
          [
              Tstr=<lambda>@uworld_sig
          ]
  
C:\Users\pouk\Desktop\farlight84-cheat-ReFo\farlight internal base\math\xor.h(89,54): error C2131: a expressão não foi avaliada como uma constante
  (compiling source file 'dllmain.cpp')
      C:\Users\pouk\Desktop\farlight84-cheat-ReFo\farlight internal base\math\xor.h(89,54):
      uma expressão não constante (sub-) foi encontrada
      C:\Users\pouk\Desktop\farlight84-cheat-ReFo\farlight internal base\math\xor.h(89,54):
      o contexto de instanciação do modelo (o mais antigo primeiro) é
          C:\Users\pouk\Desktop\farlight84-cheat-ReFo\farlight internal base\math\xor.h(234,68):
          consulte a referência à instanciação 'jm::xor_string<jm::detail::tstring_<0,0,0,0,0,0,0,0,0,0,0,0,0,0,0,0,0,0,0,0,0,0,0,0,0,0,0,0,0,0,0,0,0,0,0,0,0,0,0,0,0,0,0,0,0,0,0,0,0,0,0,0,0,0,0,0,0,0,0>,jm::detail::_ki<0,11310447225636006325>,jm::detail::_ki<1,6476876561798632334>,jm::detail::_ki<2,12025061500257113287>,jm::detail::_ki<3,17122815355682117512>,jm::detail::_ki<4,3878932398745054793>,jm::detail::_ki<5,8116505977470648802>,jm::detail::_ki<6,15834965106358176091>,jm::detail::_ki<7,4570880035883445196>>' do modelo da classe que está sendo compilada
          C:\Users\pouk\Desktop\farlight84-cheat-ReFo\farlight internal base\math\xor.h(147,20):
          consulte a referência à instanciação 'jm::detail::tstring_<0,0,0,0,0,0,0,0,0,0,0,0,0,0,0,0,0,0,0,0,0,0,0,0,0,0,0,0,0,0,0,0,0,0,0,0,0,0,0,0,0,0,0,0,0,0,0,0,0,0,0,0,0,0,0,0,0,0,0>' do modelo da classe que está sendo compilada
  
C:\Users\pouk\Desktop\farlight84-cheat-ReFo\farlight internal base\math\xor.h(91,69): error C2070: 'const unknown-type [59]': operando sizeof mal formado
  (compiling source file 'dllmain.cpp')
  
C:\Users\pouk\Desktop\farlight84-cheat-ReFo\farlight internal base\math\xor.h(147,48): warning C4200: extensão não padrão usada: matriz de tamanho zero em struct/union
  (compiling source file 'dllmain.cpp')
      C:\Users\pouk\Desktop\farlight84-cheat-ReFo\farlight internal base\math\xor.h(147,48):
      Esse membro será ignorado por um construtor ou um operador de atribuição de copiar/mover padrão
  
C:\Users\pouk\Desktop\farlight84-cheat-ReFo\farlight internal base\cheat\func.h(7,19): error C2664: 'uintptr_t sig_scan(const char *,const char *)': não é possível converter um argumento 2 de 'unknown-type *' em 'const char *'
  (compiling source file 'dllmain.cpp')
      C:\Users\pouk\Desktop\farlight84-cheat-ReFo\farlight internal base\cheat\func.h(7,31):
      Tipos apontados não são relacionados; conversão requer reinterpret_cast, conversão C-style ou conversão function-style entre parênteses
      C:\Users\pouk\Desktop\farlight84-cheat-ReFo\farlight internal base\memory\memory.h(4,18):
      consulte a declaração de 'sig_scan'
      C:\Users\pouk\Desktop\farlight84-cheat-ReFo\farlight internal base\cheat\func.h(7,19):
      ao tentar corresponder a lista de argumentos '(int, unknown-type *)'
  
C:\Users\pouk\Desktop\farlight84-cheat-ReFo\farlight internal base\math\xor.h(233,70): error C1003: contador de erros excede 100; interrompendo compilação
  (compiling source file 'dllmain.cpp')
  
  imgui.cpp
  imgui_demo.cpp
  imgui_draw.cpp
  imgui_impl_dx11.cpp
  imgui_tables.cpp
  imgui_widgets.cpp
  memory.cpp
C:\Users\pouk\Desktop\farlight84-cheat-ReFo\farlight internal base\math\xor.h(75,23): error C3533: um parâmetro não pode ter um tipo que contém 'auto'
  (compiling source file 'memory/memory.cpp')
      C:\Users\pouk\Desktop\farlight84-cheat-ReFo\farlight internal base\math\xor.h(75,23):
      'auto' em parâmetros de modelo sem tipo exige pelo menos '/std:c++17'
  
C:\Users\pouk\Desktop\farlight84-cheat-ReFo\farlight internal base\math\xor.h(75,30): error C3533: um parâmetro não pode ter um tipo que contém 'auto'
  (compiling source file 'memory/memory.cpp')
      C:\Users\pouk\Desktop\farlight84-cheat-ReFo\farlight internal base\math\xor.h(75,30):
      'auto' em parâmetros de modelo sem tipo exige pelo menos '/std:c++17'
  
C:\Users\pouk\Desktop\farlight84-cheat-ReFo\farlight internal base\math\xor.h(85,22): error C3533: um parâmetro não pode ter um tipo que contém 'auto'
  (compiling source file 'memory/memory.cpp')
      C:\Users\pouk\Desktop\farlight84-cheat-ReFo\farlight internal base\math\xor.h(85,22):
      'auto' em parâmetros de modelo sem tipo exige pelo menos '/std:c++17'
  
C:\Users\pouk\Desktop\farlight84-cheat-ReFo\farlight internal base\math\xor.h(164,71): error C7518: as expressões de dobra exigem pelo menos '/std:c++17'
  (compiling source file 'memory/memory.cpp')
      C:\Users\pouk\Desktop\farlight84-cheat-ReFo\farlight internal base\math\xor.h(162,33):
      Este diagnóstico ocorreu na função gerada pelo compilador 'void jm::xor_string<T,Keys...>::_crypt_256(const uint64_t *,std::integer_sequence<size_t,Idxs...>) noexcept'
      C:\Users\pouk\Desktop\farlight84-cheat-ReFo\farlight internal base\math\xor.h(164,71):
      o contexto de instanciação do modelo (o mais antigo primeiro) é
          C:\Users\pouk\Desktop\farlight84-cheat-ReFo\farlight internal base\math\xor.h(146,11):
          ao compilar o modelo de classe 'jm::xor_string'
  
C:\Users\pouk\Desktop\farlight84-cheat-ReFo\farlight internal base\math\xor.h(178,71): error C7518: as expressões de dobra exigem pelo menos '/std:c++17'
  (compiling source file 'memory/memory.cpp')
      C:\Users\pouk\Desktop\farlight84-cheat-ReFo\farlight internal base\math\xor.h(176,33):
      Este diagnóstico ocorreu na função gerada pelo compilador 'void jm::xor_string<T,Keys...>::_crypt_128(const uint64_t *,std::integer_sequence<size_t,Idxs...>) noexcept'
  
C:\Users\pouk\Desktop\farlight84-cheat-ReFo\farlight internal base\math\xor.h(233,70): error C2975: 'Cs': argumento de modelo inválido para 'jm::detail::tstring_', expressão constante de tempo de compilação esperada
  (compiling source file 'memory/memory.cpp')
      C:\Users\pouk\Desktop\farlight84-cheat-ReFo\farlight internal base\math\xor.h(85,22):
      consulte a declaração de 'Cs'
      C:\Users\pouk\Desktop\farlight84-cheat-ReFo\farlight internal base\math\xor.h(233,70):
      o contexto de instanciação do modelo (o mais antigo primeiro) é
          C:\Users\pouk\Desktop\farlight84-cheat-ReFo\farlight internal base\memory\memory.cpp(107,42):
          consulte a referência à instanciação 'auto jm::make_xorstr<<lambda1>@getasynckeyState_address,0,1,2,3,4,5,6,7,8,9,10,11,12,13,14,15,16,17,18,19,20,21,22,23,24,25,0,1,2,3>(Tstr,std::integer_sequence<size_t,0,1,2,3,4,5,6,7,8,9,10,11,12,13,14,15,16,17,18,19,20,21,22,23,24,25>,std::integer_sequence<size_t,0,1,2,3>) noexcept' do modelo que está sendo compilada
          with
          [
              Tstr=<lambda1>@getasynckeyState_address
          ]
  
C:\Users\pouk\Desktop\farlight84-cheat-ReFo\farlight internal base\math\xor.h(89,54): error C2131: a expressão não foi avaliada como uma constante
  (compiling source file 'memory/memory.cpp')
      C:\Users\pouk\Desktop\farlight84-cheat-ReFo\farlight internal base\math\xor.h(89,54):
      uma expressão não constante (sub-) foi encontrada
      C:\Users\pouk\Desktop\farlight84-cheat-ReFo\farlight internal base\math\xor.h(89,54):
      o contexto de instanciação do modelo (o mais antigo primeiro) é
          C:\Users\pouk\Desktop\farlight84-cheat-ReFo\farlight internal base\math\xor.h(234,68):
          consulte a referência à instanciação 'jm::xor_string<jm::detail::tstring_<0,0,0,0,0,0,0,0,0,0,0,0,0,0,0,0,0,0,0,0,0,0,0,0,0,0>,jm::detail::_ki<0,3093788882140005123>,jm::detail::_ki<1,3737990444482516740>,jm::detail::_ki<2,14763947618097473837>,jm::detail::_ki<3,6892729628019353566>>' do modelo da classe que está sendo compilada
          C:\Users\pouk\Desktop\farlight84-cheat-ReFo\farlight internal base\math\xor.h(147,20):
          consulte a referência à instanciação 'jm::detail::tstring_<0,0,0,0,0,0,0,0,0,0,0,0,0,0,0,0,0,0,0,0,0,0,0,0,0,0>' do modelo da classe que está sendo compilada
  
C:\Users\pouk\Desktop\farlight84-cheat-ReFo\farlight internal base\math\xor.h(91,69): error C2070: 'const unknown-type [26]': operando sizeof mal formado
  (compiling source file 'memory/memory.cpp')
  
C:\Users\pouk\Desktop\farlight84-cheat-ReFo\farlight internal base\math\xor.h(147,48): warning C4200: extensão não padrão usada: matriz de tamanho zero em struct/union
  (compiling source file 'memory/memory.cpp')
      C:\Users\pouk\Desktop\farlight84-cheat-ReFo\farlight internal base\math\xor.h(147,48):
      Esse membro será ignorado por um construtor ou um operador de atribuição de copiar/mover padrão
  
C:\Users\pouk\Desktop\farlight84-cheat-ReFo\farlight internal base\math\xor.h(91,69): error C2070: 'const unknown-type [40]': operando sizeof mal formado
  (compiling source file 'memory/memory.cpp')
  
C:\Users\pouk\Desktop\farlight84-cheat-ReFo\farlight internal base\memory\memory.cpp(107,33): error C2664: 'uintptr_t sig_scan(const char *,const char *)': não é possível converter um argumento 1 de 'unknown-type *' em 'const char *'
      C:\Users\pouk\Desktop\farlight84-cheat-ReFo\farlight internal base\memory\memory.cpp(107,42):
      Tipos apontados não são relacionados; conversão requer reinterpret_cast, conversão C-style ou conversão function-style entre parênteses
      C:\Users\pouk\Desktop\farlight84-cheat-ReFo\farlight internal base\memory\memory.cpp(28,11):
      consulte a declaração de 'sig_scan'
      C:\Users\pouk\Desktop\farlight84-cheat-ReFo\farlight internal base\memory\memory.cpp(107,33):
      ao tentar corresponder a lista de argumentos '(unknown-type *, unknown-type *)'
  
  Gerando Código...
